<?xml version="1.0" encoding="UTF-8"?>
<testsuite xmlns:xsi="http://www.w3.org/2001/XMLSchema-instance" xsi:noNamespaceSchemaLocation="https://maven.apache.org/surefire/maven-surefire-plugin/xsd/surefire-test-report.xsd" name="com.hh.AppTest" time="0.05" tests="1" errors="0" skipped="0" failures="0">
  <properties>
    <property name="sun.desktop" value="windows"/>
    <property name="awt.toolkit" value="sun.awt.windows.WToolkit"/>
    <property name="file.encoding.pkg" value="sun.io"/>
    <property name="java.specification.version" value="1.8"/>
    <property name="sun.cpu.isalist" value="amd64"/>
    <property name="sun.jnu.encoding" value="GBK"/>
    <property name="java.class.path" value="D:\workspace\mywork\studybatis\study\target\test-classes;D:\workspace\mywork\studybatis\study\target\classes;D:\java\env\apache-maven-3.5.4\rep\junit\junit\4.11\junit-4.11.jar;D:\java\env\apache-maven-3.5.4\rep\org\hamcrest\hamcrest-core\1.3\hamcrest-core-1.3.jar;D:\java\env\apache-maven-3.5.4\rep\mysql\mysql-connector-java\5.1.32\mysql-connector-java-5.1.32.jar;D:\workspace\mywork\studybatis\mybatis\target\mybatis-3.3.0-SNAPSHOT.jar;D:\java\env\apache-maven-3.5.4\rep\ognl\ognl\3.0.8\ognl-3.0.8.jar;D:\java\env\apache-maven-3.5.4\rep\org\javassist\javassist\3.18.2-GA\javassist-3.18.2-GA.jar;D:\java\env\apache-maven-3.5.4\rep\org\slf4j\slf4j-api\1.7.7\slf4j-api-1.7.7.jar;D:\java\env\apache-maven-3.5.4\rep\org\slf4j\slf4j-log4j12\1.7.7\slf4j-log4j12-1.7.7.jar;D:\java\env\apache-maven-3.5.4\rep\log4j\log4j\1.2.17\log4j-1.2.17.jar;D:\java\env\apache-maven-3.5.4\rep\org\apache\logging\log4j\log4j-core\2.1\log4j-core-2.1.jar;D:\java\env\apache-maven-3.5.4\rep\org\apache\logging\log4j\log4j-api\2.1\log4j-api-2.1.jar;D:\java\env\apache-maven-3.5.4\rep\commons-logging\commons-logging\1.2\commons-logging-1.2.jar;D:\java\env\apache-maven-3.5.4\rep\cglib\cglib\3.1\cglib-3.1.jar;D:\java\env\apache-maven-3.5.4\rep\org\ow2\asm\asm\4.2\asm-4.2.jar;D:\java\env\apache-maven-3.5.4\rep\org\hsqldb\hsqldb\2.3.2\hsqldb-2.3.2.jar;D:\java\env\apache-maven-3.5.4\rep\org\apache\derby\derby\10.11.1.1\derby-10.11.1.1.jar;D:\java\env\apache-maven-3.5.4\rep\org\mockito\mockito-core\1.10.8\mockito-core-1.10.8.jar;D:\java\env\apache-maven-3.5.4\rep\org\objenesis\objenesis\2.1\objenesis-2.1.jar;D:\java\env\apache-maven-3.5.4\rep\commons-dbcp\commons-dbcp\1.4\commons-dbcp-1.4.jar;D:\java\env\apache-maven-3.5.4\rep\commons-pool\commons-pool\1.5.4\commons-pool-1.5.4.jar;D:\java\env\apache-maven-3.5.4\rep\javax\transaction\transaction-api\1.1\transaction-api-1.1.jar;D:\java\env\apache-maven-3.5.4\rep\org\apache\velocity\velocity\1.7\velocity-1.7.jar;D:\java\env\apache-maven-3.5.4\rep\commons-collections\commons-collections\3.2.1\commons-collections-3.2.1.jar;D:\java\env\apache-maven-3.5.4\rep\commons-lang\commons-lang\2.4\commons-lang-2.4.jar;D:\java\env\apache-maven-3.5.4\rep\postgresql\postgresql\9.1-901-1.jdbc4\postgresql-9.1-901-1.jdbc4.jar;"/>
    <property name="java.vm.vendor" value="Oracle Corporation"/>
    <property name="sun.arch.data.model" value="64"/>
    <property name="user.variant" value=""/>
    <property name="java.vendor.url" value="http://java.oracle.com/"/>
    <property name="user.timezone" value="Asia/Shanghai"/>
    <property name="java.vm.specification.version" value="1.8"/>
    <property name="os.name" value="Windows 10"/>
    <property name="user.country" value="CN"/>
    <property name="sun.java.launcher" value="SUN_STANDARD"/>
    <property name="sun.boot.library.path" value="D:\java\env\jdk1.8.0_172\jre\bin"/>
    <property name="sun.java.command" value="C:\Users\ADMINI~1\AppData\Local\Temp\surefire3235163791656475953\surefirebooter8452241334597822595.jar C:\Users\Administrator\AppData\Local\Temp\surefire3235163791656475953 2020-06-04T18-15-11_379-jvmRun1 surefire1606429943881643991tmp surefire_01176925157526909792tmp"/>
    <property name="surefire.test.class.path" value="D:\workspace\mywork\studybatis\study\target\test-classes;D:\workspace\mywork\studybatis\study\target\classes;D:\java\env\apache-maven-3.5.4\rep\junit\junit\4.11\junit-4.11.jar;D:\java\env\apache-maven-3.5.4\rep\org\hamcrest\hamcrest-core\1.3\hamcrest-core-1.3.jar;D:\java\env\apache-maven-3.5.4\rep\mysql\mysql-connector-java\5.1.32\mysql-connector-java-5.1.32.jar;D:\workspace\mywork\studybatis\mybatis\target\mybatis-3.3.0-SNAPSHOT.jar;D:\java\env\apache-maven-3.5.4\rep\ognl\ognl\3.0.8\ognl-3.0.8.jar;D:\java\env\apache-maven-3.5.4\rep\org\javassist\javassist\3.18.2-GA\javassist-3.18.2-GA.jar;D:\java\env\apache-maven-3.5.4\rep\org\slf4j\slf4j-api\1.7.7\slf4j-api-1.7.7.jar;D:\java\env\apache-maven-3.5.4\rep\org\slf4j\slf4j-log4j12\1.7.7\slf4j-log4j12-1.7.7.jar;D:\java\env\apache-maven-3.5.4\rep\log4j\log4j\1.2.17\log4j-1.2.17.jar;D:\java\env\apache-maven-3.5.4\rep\org\apache\logging\log4j\log4j-core\2.1\log4j-core-2.1.jar;D:\java\env\apache-maven-3.5.4\rep\org\apache\logging\log4j\log4j-api\2.1\log4j-api-2.1.jar;D:\java\env\apache-maven-3.5.4\rep\commons-logging\commons-logging\1.2\commons-logging-1.2.jar;D:\java\env\apache-maven-3.5.4\rep\cglib\cglib\3.1\cglib-3.1.jar;D:\java\env\apache-maven-3.5.4\rep\org\ow2\asm\asm\4.2\asm-4.2.jar;D:\java\env\apache-maven-3.5.4\rep\org\hsqldb\hsqldb\2.3.2\hsqldb-2.3.2.jar;D:\java\env\apache-maven-3.5.4\rep\org\apache\derby\derby\10.11.1.1\derby-10.11.1.1.jar;D:\java\env\apache-maven-3.5.4\rep\org\mockito\mockito-core\1.10.8\mockito-core-1.10.8.jar;D:\java\env\apache-maven-3.5.4\rep\org\objenesis\objenesis\2.1\objenesis-2.1.jar;D:\java\env\apache-maven-3.5.4\rep\commons-dbcp\commons-dbcp\1.4\commons-dbcp-1.4.jar;D:\java\env\apache-maven-3.5.4\rep\commons-pool\commons-pool\1.5.4\commons-pool-1.5.4.jar;D:\java\env\apache-maven-3.5.4\rep\javax\transaction\transaction-api\1.1\transaction-api-1.1.jar;D:\java\env\apache-maven-3.5.4\rep\org\apache\velocity\velocity\1.7\velocity-1.7.jar;D:\java\env\apache-maven-3.5.4\rep\commons-collections\commons-collections\3.2.1\commons-collections-3.2.1.jar;D:\java\env\apache-maven-3.5.4\rep\commons-lang\commons-lang\2.4\commons-lang-2.4.jar;D:\java\env\apache-maven-3.5.4\rep\postgresql\postgresql\9.1-901-1.jdbc4\postgresql-9.1-901-1.jdbc4.jar;"/>
    <property name="sun.cpu.endian" value="little"/>
    <property name="user.home" value="C:\Users\Administrator"/>
    <property name="user.language" value="zh"/>
    <property name="java.specification.vendor" value="Oracle Corporation"/>
    <property name="java.home" value="D:\java\env\jdk1.8.0_172\jre"/>
    <property name="basedir" value="D:\workspace\mywork\studybatis\study"/>
    <property name="file.separator" value="\"/>
    <property name="line.separator" value="&#10;"/>
    <property name="idea.version2019.2.4" value="true"/>
    <property name="java.vm.specification.vendor" value="Oracle Corporation"/>
    <property name="java.specification.name" value="Java Platform API Specification"/>
    <property name="java.awt.graphicsenv" value="sun.awt.Win32GraphicsEnvironment"/>
    <property name="surefire.real.class.path" value="C:\Users\ADMINI~1\AppData\Local\Temp\surefire3235163791656475953\surefirebooter8452241334597822595.jar"/>
    <property name="sun.boot.class.path" value="D:\java\env\jdk1.8.0_172\jre\lib\resources.jar;D:\java\env\jdk1.8.0_172\jre\lib\rt.jar;D:\java\env\jdk1.8.0_172\jre\lib\sunrsasign.jar;D:\java\env\jdk1.8.0_172\jre\lib\jsse.jar;D:\java\env\jdk1.8.0_172\jre\lib\jce.jar;D:\java\env\jdk1.8.0_172\jre\lib\charsets.jar;D:\java\env\jdk1.8.0_172\jre\lib\jfr.jar;D:\java\env\jdk1.8.0_172\jre\classes"/>
    <property name="user.script" value=""/>
    <property name="sun.management.compiler" value="HotSpot 64-Bit Tiered Compilers"/>
    <property name="java.runtime.version" value="1.8.0_172-b11"/>
    <property name="user.name" value="Administrator"/>
    <property name="path.separator" value=";"/>
    <property name="os.version" value="10.0"/>
    <property name="java.endorsed.dirs" value="D:\java\env\jdk1.8.0_172\jre\lib\endorsed"/>
    <property name="java.runtime.name" value="Java(TM) SE Runtime Environment"/>
    <property name="file.encoding" value="GBK"/>
    <property name="java.vm.name" value="Java HotSpot(TM) 64-Bit Server VM"/>
    <property name="localRepository" value="D:\java\env\apache-maven-3.5.4\rep"/>
    <property name="java.vendor.url.bug" value="http://bugreport.sun.com/bugreport/"/>
    <property name="java.io.tmpdir" value="C:\Users\ADMINI~1\AppData\Local\Temp\"/>
    <property name="java.version" value="1.8.0_172"/>
    <property name="user.dir" value="D:\workspace\mywork\studybatis\study"/>
    <property name="os.arch" value="amd64"/>
    <property name="java.vm.specification.name" value="Java Virtual Machine Specification"/>
    <property name="java.awt.printerjob" value="sun.awt.windows.WPrinterJob"/>
    <property name="sun.os.patch.level" value=""/>
    <property name="java.library.path" value="D:\java\env\jdk1.8.0_172\jre\bin;C:\Windows\Sun\Java\bin;C:\Windows\system32;C:\Windows;D:\software\xshell\;C:\Windows\system32;D:\java\env\jdk1.8.0_172\bin;C:\Windows;C:\Windows\System32\Wbem;C:\Windows\System32\WindowsPowerShell\v1.0\;C:\Windows\System32\OpenSSH\;D:\java\env\gradle-4.7-bin\bin;D:\java\env\nodejs\;D:\java\env\git\Git\cmd;D:\java\env\apache-groovy-sdk-2.5.8\groovy-2.5.8\bin;D:\java\env\erl9.3\bin;D:\java\env\RabbitMQ Server\rabbitmq_server-3.7.5\sbin;C:\Users\Administrator\AppData\Local\Microsoft\WindowsApps;D:\java\tool\IntelliJ IDEA Community Edition 2019.2.4\bin;;D:\java\env\IntelliJ IDEA 2019.2.4\bin;;C:\Users\Administrator\AppData\Roaming\npm;D:\java\env\pycharm\PyCharm Community Edition 2019.3.3\bin;;D:\java\env\python38;C:\Program Files (x86)\Google\Chrome\Application;D:\java\env\apache-ant-1.10.7-bin\apache-ant-1.10.7\bin;D:\java\env\apache-maven-3.5.4\bin;;."/>
    <property name="java.vm.info" value="mixed mode"/>
    <property name="java.vendor" value="Oracle Corporation"/>
    <property name="java.vm.version" value="25.172-b11"/>
    <property name="java.ext.dirs" value="D:\java\env\jdk1.8.0_172\jre\lib\ext;C:\Windows\Sun\Java\lib\ext"/>
    <property name="sun.io.unicode.encoding" value="UnicodeLittle"/>
    <property name="maven.repo.local" value="D:\java\env\apache-maven-3.5.4\rep"/>
    <property name="java.class.version" value="52.0"/>
  </properties>
  <testcase name="shouldAnswerWithTrue" classname="com.hh.AppTest" time="0.003"/>
</testsuite>